<?xml version="1.0" encoding="UTF-8"?>
<testsuite name="com.campushare.join.service.JoinServiceTests" tests="2" skipped="0" failures="0" errors="0" timestamp="2023-12-03T18:25:29" hostname="Aishwaryas-Air" time="1.099">
  <properties/>
  <testcase name="manageJoinRequest_createsRequestWithGeolocationData()" classname="com.campushare.join.service.JoinServiceTests" time="1.075"/>
  <testcase name="manageLunchAndFood_sendsFoodNotification()" classname="com.campushare.join.service.JoinServiceTests" time="0.013"/>
  <system-out><![CDATA[User(userId=passengerId, username=null, password=null, email=null, rewardpts=null, role=null, schedule=null, address=address)
JoinNotification(message=null wants to join mockPost!, geoLocationData=GeoLocationData(addedTime=8, pin=Coordinates(longitude=33.5, latitude=33.5)))
username wants to join post!
]]></system-out>
  <system-err><![CDATA[]]></system-err>
</testsuite>
